Actualizar :curl -X PUT http://localhost:3000/api/usuarios/17 -H "x-auth-token: supersecreto" -H "Content-Type: application/json" -d "{\"nombre\": \"Mario Moreno\"}"

 crear :curl -X POST http://localhost:3000/api/usuarios ^
  -H "Content-Type: application/json" ^
  -d "{\"nombre\": \"Pancho\", \"apellido\": \"López\", \"email\": \"pancho.lopez@example.com\"}"

Borrar: curl -X DELETE http://localhost:3000/api/usuarios/17

    [2024-10-13T18:21:03.155Z] Error en la ruta: /api/usuarios
    Método: GET
    Cuerpo de la solicitud: {}
    Error: Token inválido
    Stack: Error: Token inválido
    at applicationMiddleware (file:///C:/Users/Jos%C3%A9%20Carrillo/Desktop/manos-cuidadoras%20-%20copia/middleware/applicationMiddleware.js:22:23)
    at Layer.handle [as handle_request] (C:\Users\José Carrillo\Desktop\manos-cuidadoras - copia\node_modules\express\lib\router\layer.js:95:5)
    at trim_prefix (C:\Users\José Carrillo\Desktop\manos-cuidadoras - copia\node_modules\express\lib\router\index.js:328:13)
    at C:\Users\José Carrillo\Desktop\manos-cuidadoras - copia\node_modules\express\lib\router\index.js:286:9
    at Function.process_params (C:\Users\José Carrillo\Desktop\manos-cuidadoras - copia\node_modules\express\lib\router\index.js:346:12)
    at next (C:\Users\José Carrillo\Desktop\manos-cuidadoras - copia\node_modules\express\lib\router\index.js:280:10)
    at jsonParser (C:\Users\José Carrillo\Desktop\manos-cuidadoras - copia\node_modules\body-parser\lib\types\json.js:113:7)
    at Layer.handle [as handle_request] (C:\Users\José Carrillo\Desktop\manos-cuidadoras - copia\node_modules\express\lib\router\layer.js:95:5)
    at trim_prefix (C:\Users\José Carrillo\Desktop\manos-cuidadoras - copia\node_modules\express\lib\router\index.js:328:13)
    at C:\Users\José Carrillo\Desktop\manos-cuidadoras - copia\node_modules\express\lib\router\index.js:286:9

    [2024-10-13T18:21:03.810Z] Error en la ruta: /api/usuarios
    Método: GET
    Cuerpo de la solicitud: {}
    Error: Token inválido
    Stack: Error: Token inválido
    at applicationMiddleware (file:///C:/Users/Jos%C3%A9%20Carrillo/Desktop/manos-cuidadoras%20-%20copia/middleware/applicationMiddleware.js:22:23)
    at Layer.handle [as handle_request] (C:\Users\José Carrillo\Desktop\manos-cuidadoras - copia\node_modules\express\lib\router\layer.js:95:5)
    at trim_prefix (C:\Users\José Carrillo\Desktop\manos-cuidadoras - copia\node_modules\express\lib\router\index.js:328:13)
    at C:\Users\José Carrillo\Desktop\manos-cuidadoras - copia\node_modules\express\lib\router\index.js:286:9
    at Function.process_params (C:\Users\José Carrillo\Desktop\manos-cuidadoras - copia\node_modules\express\lib\router\index.js:346:12)
    at next (C:\Users\José Carrillo\Desktop\manos-cuidadoras - copia\node_modules\express\lib\router\index.js:280:10)
    at jsonParser (C:\Users\José Carrillo\Desktop\manos-cuidadoras - copia\node_modules\body-parser\lib\types\json.js:113:7)
    at Layer.handle [as handle_request] (C:\Users\José Carrillo\Desktop\manos-cuidadoras - copia\node_modules\express\lib\router\layer.js:95:5)
    at trim_prefix (C:\Users\José Carrillo\Desktop\manos-cuidadoras - copia\node_modules\express\lib\router\index.js:328:13)
    at C:\Users\José Carrillo\Desktop\manos-cuidadoras - copia\node_modules\express\lib\router\index.js:286:9

    [2024-10-13T18:21:04.103Z] Error en la ruta: /api/usuarios
    Método: GET
    Cuerpo de la solicitud: {}
    Error: Token inválido
    Stack: Error: Token inválido
    at applicationMiddleware (file:///C:/Users/Jos%C3%A9%20Carrillo/Desktop/manos-cuidadoras%20-%20copia/middleware/applicationMiddleware.js:22:23)
    at Layer.handle [as handle_request] (C:\Users\José Carrillo\Desktop\manos-cuidadoras - copia\node_modules\express\lib\router\layer.js:95:5)
    at trim_prefix (C:\Users\José Carrillo\Desktop\manos-cuidadoras - copia\node_modules\express\lib\router\index.js:328:13)
    at C:\Users\José Carrillo\Desktop\manos-cuidadoras - copia\node_modules\express\lib\router\index.js:286:9
    at Function.process_params (C:\Users\José Carrillo\Desktop\manos-cuidadoras - copia\node_modules\express\lib\router\index.js:346:12)
    at next (C:\Users\José Carrillo\Desktop\manos-cuidadoras - copia\node_modules\express\lib\router\index.js:280:10)
    at jsonParser (C:\Users\José Carrillo\Desktop\manos-cuidadoras - copia\node_modules\body-parser\lib\types\json.js:113:7)
    at Layer.handle [as handle_request] (C:\Users\José Carrillo\Desktop\manos-cuidadoras - copia\node_modules\express\lib\router\layer.js:95:5)
    at trim_prefix (C:\Users\José Carrillo\Desktop\manos-cuidadoras - copia\node_modules\express\lib\router\index.js:328:13)
    at C:\Users\José Carrillo\Desktop\manos-cuidadoras - copia\node_modules\express\lib\router\index.js:286:9

    [2024-10-13T18:21:04.308Z] Error en la ruta: /api/usuarios
    Método: GET
    Cuerpo de la solicitud: {}
    Error: Token inválido
    Stack: Error: Token inválido
    at applicationMiddleware (file:///C:/Users/Jos%C3%A9%20Carrillo/Desktop/manos-cuidadoras%20-%20copia/middleware/applicationMiddleware.js:22:23)
    at Layer.handle [as handle_request] (C:\Users\José Carrillo\Desktop\manos-cuidadoras - copia\node_modules\express\lib\router\layer.js:95:5)
    at trim_prefix (C:\Users\José Carrillo\Desktop\manos-cuidadoras - copia\node_modules\express\lib\router\index.js:328:13)
    at C:\Users\José Carrillo\Desktop\manos-cuidadoras - copia\node_modules\express\lib\router\index.js:286:9
    at Function.process_params (C:\Users\José Carrillo\Desktop\manos-cuidadoras - copia\node_modules\express\lib\router\index.js:346:12)
    at next (C:\Users\José Carrillo\Desktop\manos-cuidadoras - copia\node_modules\express\lib\router\index.js:280:10)
    at jsonParser (C:\Users\José Carrillo\Desktop\manos-cuidadoras - copia\node_modules\body-parser\lib\types\json.js:113:7)
    at Layer.handle [as handle_request] (C:\Users\José Carrillo\Desktop\manos-cuidadoras - copia\node_modules\express\lib\router\layer.js:95:5)
    at trim_prefix (C:\Users\José Carrillo\Desktop\manos-cuidadoras - copia\node_modules\express\lib\router\index.js:328:13)
    at C:\Users\José Carrillo\Desktop\manos-cuidadoras - copia\node_modules\express\lib\router\index.js:286:9

    [2024-10-13T18:21:04.491Z] Error en la ruta: /api/usuarios
    Método: GET
    Cuerpo de la solicitud: {}
    Error: Token inválido
    Stack: Error: Token inválido
    at applicationMiddleware (file:///C:/Users/Jos%C3%A9%20Carrillo/Desktop/manos-cuidadoras%20-%20copia/middleware/applicationMiddleware.js:22:23)
    at Layer.handle [as handle_request] (C:\Users\José Carrillo\Desktop\manos-cuidadoras - copia\node_modules\express\lib\router\layer.js:95:5)
    at trim_prefix (C:\Users\José Carrillo\Desktop\manos-cuidadoras - copia\node_modules\express\lib\router\index.js:328:13)
    at C:\Users\José Carrillo\Desktop\manos-cuidadoras - copia\node_modules\express\lib\router\index.js:286:9
    at Function.process_params (C:\Users\José Carrillo\Desktop\manos-cuidadoras - copia\node_modules\express\lib\router\index.js:346:12)
    at next (C:\Users\José Carrillo\Desktop\manos-cuidadoras - copia\node_modules\express\lib\router\index.js:280:10)
    at jsonParser (C:\Users\José Carrillo\Desktop\manos-cuidadoras - copia\node_modules\body-parser\lib\types\json.js:113:7)
    at Layer.handle [as handle_request] (C:\Users\José Carrillo\Desktop\manos-cuidadoras - copia\node_modules\express\lib\router\layer.js:95:5)
    at trim_prefix (C:\Users\José Carrillo\Desktop\manos-cuidadoras - copia\node_modules\express\lib\router\index.js:328:13)
    at C:\Users\José Carrillo\Desktop\manos-cuidadoras - copia\node_modules\express\lib\router\index.js:286:9

    [2024-10-13T18:21:05.574Z] Error en la ruta: /api/usuarios
    Método: GET
    Cuerpo de la solicitud: {}
    Error: Token inválido
    Stack: Error: Token inválido
    at applicationMiddleware (file:///C:/Users/Jos%C3%A9%20Carrillo/Desktop/manos-cuidadoras%20-%20copia/middleware/applicationMiddleware.js:22:23)
    at Layer.handle [as handle_request] (C:\Users\José Carrillo\Desktop\manos-cuidadoras - copia\node_modules\express\lib\router\layer.js:95:5)
    at trim_prefix (C:\Users\José Carrillo\Desktop\manos-cuidadoras - copia\node_modules\express\lib\router\index.js:328:13)
    at C:\Users\José Carrillo\Desktop\manos-cuidadoras - copia\node_modules\express\lib\router\index.js:286:9
    at Function.process_params (C:\Users\José Carrillo\Desktop\manos-cuidadoras - copia\node_modules\express\lib\router\index.js:346:12)
    at next (C:\Users\José Carrillo\Desktop\manos-cuidadoras - copia\node_modules\express\lib\router\index.js:280:10)
    at jsonParser (C:\Users\José Carrillo\Desktop\manos-cuidadoras - copia\node_modules\body-parser\lib\types\json.js:113:7)
    at Layer.handle [as handle_request] (C:\Users\José Carrillo\Desktop\manos-cuidadoras - copia\node_modules\express\lib\router\layer.js:95:5)
    at trim_prefix (C:\Users\José Carrillo\Desktop\manos-cuidadoras - copia\node_modules\express\lib\router\index.js:328:13)
    at C:\Users\José Carrillo\Desktop\manos-cuidadoras - copia\node_modules\express\lib\router\index.js:286:9

    [2024-10-13T18:21:05.778Z] Error en la ruta: /api/usuarios
    Método: GET
    Cuerpo de la solicitud: {}
    Error: Token inválido
    Stack: Error: Token inválido
    at applicationMiddleware (file:///C:/Users/Jos%C3%A9%20Carrillo/Desktop/manos-cuidadoras%20-%20copia/middleware/applicationMiddleware.js:22:23)
    at Layer.handle [as handle_request] (C:\Users\José Carrillo\Desktop\manos-cuidadoras - copia\node_modules\express\lib\router\layer.js:95:5)
    at trim_prefix (C:\Users\José Carrillo\Desktop\manos-cuidadoras - copia\node_modules\express\lib\router\index.js:328:13)
    at C:\Users\José Carrillo\Desktop\manos-cuidadoras - copia\node_modules\express\lib\router\index.js:286:9
    at Function.process_params (C:\Users\José Carrillo\Desktop\manos-cuidadoras - copia\node_modules\express\lib\router\index.js:346:12)
    at next (C:\Users\José Carrillo\Desktop\manos-cuidadoras - copia\node_modules\express\lib\router\index.js:280:10)
    at jsonParser (C:\Users\José Carrillo\Desktop\manos-cuidadoras - copia\node_modules\body-parser\lib\types\json.js:113:7)
    at Layer.handle [as handle_request] (C:\Users\José Carrillo\Desktop\manos-cuidadoras - copia\node_modules\express\lib\router\layer.js:95:5)
    at trim_prefix (C:\Users\José Carrillo\Desktop\manos-cuidadoras - copia\node_modules\express\lib\router\index.js:328:13)
    at C:\Users\José Carrillo\Desktop\manos-cuidadoras - copia\node_modules\express\lib\router\index.js:286:9

    [2024-10-13T18:21:05.929Z] Error en la ruta: /api/usuarios
    Método: GET
    Cuerpo de la solicitud: {}
    Error: Token inválido
    Stack: Error: Token inválido
    at applicationMiddleware (file:///C:/Users/Jos%C3%A9%20Carrillo/Desktop/manos-cuidadoras%20-%20copia/middleware/applicationMiddleware.js:22:23)
    at Layer.handle [as handle_request] (C:\Users\José Carrillo\Desktop\manos-cuidadoras - copia\node_modules\express\lib\router\layer.js:95:5)
    at trim_prefix (C:\Users\José Carrillo\Desktop\manos-cuidadoras - copia\node_modules\express\lib\router\index.js:328:13)
    at C:\Users\José Carrillo\Desktop\manos-cuidadoras - copia\node_modules\express\lib\router\index.js:286:9
    at Function.process_params (C:\Users\José Carrillo\Desktop\manos-cuidadoras - copia\node_modules\express\lib\router\index.js:346:12)
    at next (C:\Users\José Carrillo\Desktop\manos-cuidadoras - copia\node_modules\express\lib\router\index.js:280:10)
    at jsonParser (C:\Users\José Carrillo\Desktop\manos-cuidadoras - copia\node_modules\body-parser\lib\types\json.js:113:7)
    at Layer.handle [as handle_request] (C:\Users\José Carrillo\Desktop\manos-cuidadoras - copia\node_modules\express\lib\router\layer.js:95:5)
    at trim_prefix (C:\Users\José Carrillo\Desktop\manos-cuidadoras - copia\node_modules\express\lib\router\index.js:328:13)
    at C:\Users\José Carrillo\Desktop\manos-cuidadoras - copia\node_modules\express\lib\router\index.js:286:9

    [2024-10-13T18:21:06.134Z] Error en la ruta: /api/usuarios
    Método: GET
    Cuerpo de la solicitud: {}
    Error: Token inválido
    Stack: Error: Token inválido
    at applicationMiddleware (file:///C:/Users/Jos%C3%A9%20Carrillo/Desktop/manos-cuidadoras%20-%20copia/middleware/applicationMiddleware.js:22:23)
    at Layer.handle [as handle_request] (C:\Users\José Carrillo\Desktop\manos-cuidadoras - copia\node_modules\express\lib\router\layer.js:95:5)
    at trim_prefix (C:\Users\José Carrillo\Desktop\manos-cuidadoras - copia\node_modules\express\lib\router\index.js:328:13)
    at C:\Users\José Carrillo\Desktop\manos-cuidadoras - copia\node_modules\express\lib\router\index.js:286:9
    at Function.process_params (C:\Users\José Carrillo\Desktop\manos-cuidadoras - copia\node_modules\express\lib\router\index.js:346:12)
    at next (C:\Users\José Carrillo\Desktop\manos-cuidadoras - copia\node_modules\express\lib\router\index.js:280:10)
    at jsonParser (C:\Users\José Carrillo\Desktop\manos-cuidadoras - copia\node_modules\body-parser\lib\types\json.js:113:7)
    at Layer.handle [as handle_request] (C:\Users\José Carrillo\Desktop\manos-cuidadoras - copia\node_modules\express\lib\router\layer.js:95:5)
    at trim_prefix (C:\Users\José Carrillo\Desktop\manos-cuidadoras - copia\node_modules\express\lib\router\index.js:328:13)
    at C:\Users\José Carrillo\Desktop\manos-cuidadoras - copia\node_modules\express\lib\router\index.js:286:9

    [2024-10-13T18:21:06.266Z] Error en la ruta: /api/usuarios
    Método: GET
    Cuerpo de la solicitud: {}
    Error: Token inválido
    Stack: Error: Token inválido
    at applicationMiddleware (file:///C:/Users/Jos%C3%A9%20Carrillo/Desktop/manos-cuidadoras%20-%20copia/middleware/applicationMiddleware.js:22:23)
    at Layer.handle [as handle_request] (C:\Users\José Carrillo\Desktop\manos-cuidadoras - copia\node_modules\express\lib\router\layer.js:95:5)
    at trim_prefix (C:\Users\José Carrillo\Desktop\manos-cuidadoras - copia\node_modules\express\lib\router\index.js:328:13)
    at C:\Users\José Carrillo\Desktop\manos-cuidadoras - copia\node_modules\express\lib\router\index.js:286:9
    at Function.process_params (C:\Users\José Carrillo\Desktop\manos-cuidadoras - copia\node_modules\express\lib\router\index.js:346:12)
    at next (C:\Users\José Carrillo\Desktop\manos-cuidadoras - copia\node_modules\express\lib\router\index.js:280:10)
    at jsonParser (C:\Users\José Carrillo\Desktop\manos-cuidadoras - copia\node_modules\body-parser\lib\types\json.js:113:7)
    at Layer.handle [as handle_request] (C:\Users\José Carrillo\Desktop\manos-cuidadoras - copia\node_modules\express\lib\router\layer.js:95:5)
    at trim_prefix (C:\Users\José Carrillo\Desktop\manos-cuidadoras - copia\node_modules\express\lib\router\index.js:328:13)
    at C:\Users\José Carrillo\Desktop\manos-cuidadoras - copia\node_modules\express\lib\router\index.js:286:9

    [2024-10-13T18:21:06.366Z] Error en la ruta: /api/usuarios
    Método: GET
    Cuerpo de la solicitud: {}
    Error: Token inválido
    Stack: Error: Token inválido
    at applicationMiddleware (file:///C:/Users/Jos%C3%A9%20Carrillo/Desktop/manos-cuidadoras%20-%20copia/middleware/applicationMiddleware.js:22:23)
    at Layer.handle [as handle_request] (C:\Users\José Carrillo\Desktop\manos-cuidadoras - copia\node_modules\express\lib\router\layer.js:95:5)
    at trim_prefix (C:\Users\José Carrillo\Desktop\manos-cuidadoras - copia\node_modules\express\lib\router\index.js:328:13)
    at C:\Users\José Carrillo\Desktop\manos-cuidadoras - copia\node_modules\express\lib\router\index.js:286:9
    at Function.process_params (C:\Users\José Carrillo\Desktop\manos-cuidadoras - copia\node_modules\express\lib\router\index.js:346:12)
    at next (C:\Users\José Carrillo\Desktop\manos-cuidadoras - copia\node_modules\express\lib\router\index.js:280:10)
    at jsonParser (C:\Users\José Carrillo\Desktop\manos-cuidadoras - copia\node_modules\body-parser\lib\types\json.js:113:7)
    at Layer.handle [as handle_request] (C:\Users\José Carrillo\Desktop\manos-cuidadoras - copia\node_modules\express\lib\router\layer.js:95:5)
    at trim_prefix (C:\Users\José Carrillo\Desktop\manos-cuidadoras - copia\node_modules\express\lib\router\index.js:328:13)
    at C:\Users\José Carrillo\Desktop\manos-cuidadoras - copia\node_modules\express\lib\router\index.js:286:9

    [2024-10-13T18:21:06.578Z] Error en la ruta: /api/usuarios
    Método: GET
    Cuerpo de la solicitud: {}
    Error: Token inválido
    Stack: Error: Token inválido
    at applicationMiddleware (file:///C:/Users/Jos%C3%A9%20Carrillo/Desktop/manos-cuidadoras%20-%20copia/middleware/applicationMiddleware.js:22:23)
    at Layer.handle [as handle_request] (C:\Users\José Carrillo\Desktop\manos-cuidadoras - copia\node_modules\express\lib\router\layer.js:95:5)
    at trim_prefix (C:\Users\José Carrillo\Desktop\manos-cuidadoras - copia\node_modules\express\lib\router\index.js:328:13)
    at C:\Users\José Carrillo\Desktop\manos-cuidadoras - copia\node_modules\express\lib\router\index.js:286:9
    at Function.process_params (C:\Users\José Carrillo\Desktop\manos-cuidadoras - copia\node_modules\express\lib\router\index.js:346:12)
    at next (C:\Users\José Carrillo\Desktop\manos-cuidadoras - copia\node_modules\express\lib\router\index.js:280:10)
    at jsonParser (C:\Users\José Carrillo\Desktop\manos-cuidadoras - copia\node_modules\body-parser\lib\types\json.js:113:7)
    at Layer.handle [as handle_request] (C:\Users\José Carrillo\Desktop\manos-cuidadoras - copia\node_modules\express\lib\router\layer.js:95:5)
    at trim_prefix (C:\Users\José Carrillo\Desktop\manos-cuidadoras - copia\node_modules\express\lib\router\index.js:328:13)
    at C:\Users\José Carrillo\Desktop\manos-cuidadoras - copia\node_modules\express\lib\router\index.js:286:9

    [2024-10-13T18:21:06.705Z] Error en la ruta: /api/usuarios
    Método: GET
    Cuerpo de la solicitud: {}
    Error: Token inválido
    Stack: Error: Token inválido
    at applicationMiddleware (file:///C:/Users/Jos%C3%A9%20Carrillo/Desktop/manos-cuidadoras%20-%20copia/middleware/applicationMiddleware.js:22:23)
    at Layer.handle [as handle_request] (C:\Users\José Carrillo\Desktop\manos-cuidadoras - copia\node_modules\express\lib\router\layer.js:95:5)
    at trim_prefix (C:\Users\José Carrillo\Desktop\manos-cuidadoras - copia\node_modules\express\lib\router\index.js:328:13)
    at C:\Users\José Carrillo\Desktop\manos-cuidadoras - copia\node_modules\express\lib\router\index.js:286:9
    at Function.process_params (C:\Users\José Carrillo\Desktop\manos-cuidadoras - copia\node_modules\express\lib\router\index.js:346:12)
    at next (C:\Users\José Carrillo\Desktop\manos-cuidadoras - copia\node_modules\express\lib\router\index.js:280:10)
    at jsonParser (C:\Users\José Carrillo\Desktop\manos-cuidadoras - copia\node_modules\body-parser\lib\types\json.js:113:7)
    at Layer.handle [as handle_request] (C:\Users\José Carrillo\Desktop\manos-cuidadoras - copia\node_modules\express\lib\router\layer.js:95:5)
    at trim_prefix (C:\Users\José Carrillo\Desktop\manos-cuidadoras - copia\node_modules\express\lib\router\index.js:328:13)
    at C:\Users\José Carrillo\Desktop\manos-cuidadoras - copia\node_modules\express\lib\router\index.js:286:9

    [2024-10-13T18:21:06.834Z] Error en la ruta: /api/usuarios
    Método: GET
    Cuerpo de la solicitud: {}
    Error: Token inválido
    Stack: Error: Token inválido
    at applicationMiddleware (file:///C:/Users/Jos%C3%A9%20Carrillo/Desktop/manos-cuidadoras%20-%20copia/middleware/applicationMiddleware.js:22:23)
    at Layer.handle [as handle_request] (C:\Users\José Carrillo\Desktop\manos-cuidadoras - copia\node_modules\express\lib\router\layer.js:95:5)
    at trim_prefix (C:\Users\José Carrillo\Desktop\manos-cuidadoras - copia\node_modules\express\lib\router\index.js:328:13)
    at C:\Users\José Carrillo\Desktop\manos-cuidadoras - copia\node_modules\express\lib\router\index.js:286:9
    at Function.process_params (C:\Users\José Carrillo\Desktop\manos-cuidadoras - copia\node_modules\express\lib\router\index.js:346:12)
    at next (C:\Users\José Carrillo\Desktop\manos-cuidadoras - copia\node_modules\express\lib\router\index.js:280:10)
    at jsonParser (C:\Users\José Carrillo\Desktop\manos-cuidadoras - copia\node_modules\body-parser\lib\types\json.js:113:7)
    at Layer.handle [as handle_request] (C:\Users\José Carrillo\Desktop\manos-cuidadoras - copia\node_modules\express\lib\router\layer.js:95:5)
    at trim_prefix (C:\Users\José Carrillo\Desktop\manos-cuidadoras - copia\node_modules\express\lib\router\index.js:328:13)
    at C:\Users\José Carrillo\Desktop\manos-cuidadoras - copia\node_modules\express\lib\router\index.js:286:9

    [2024-10-13T18:21:07.126Z] Error en la ruta: /api/usuarios
    Método: GET
    Cuerpo de la solicitud: {}
    Error: Token inválido
    Stack: Error: Token inválido
    at applicationMiddleware (file:///C:/Users/Jos%C3%A9%20Carrillo/Desktop/manos-cuidadoras%20-%20copia/middleware/applicationMiddleware.js:22:23)
    at Layer.handle [as handle_request] (C:\Users\José Carrillo\Desktop\manos-cuidadoras - copia\node_modules\express\lib\router\layer.js:95:5)
    at trim_prefix (C:\Users\José Carrillo\Desktop\manos-cuidadoras - copia\node_modules\express\lib\router\index.js:328:13)
    at C:\Users\José Carrillo\Desktop\manos-cuidadoras - copia\node_modules\express\lib\router\index.js:286:9
    at Function.process_params (C:\Users\José Carrillo\Desktop\manos-cuidadoras - copia\node_modules\express\lib\router\index.js:346:12)
    at next (C:\Users\José Carrillo\Desktop\manos-cuidadoras - copia\node_modules\express\lib\router\index.js:280:10)
    at jsonParser (C:\Users\José Carrillo\Desktop\manos-cuidadoras - copia\node_modules\body-parser\lib\types\json.js:113:7)
    at Layer.handle [as handle_request] (C:\Users\José Carrillo\Desktop\manos-cuidadoras - copia\node_modules\express\lib\router\layer.js:95:5)
    at trim_prefix (C:\Users\José Carrillo\Desktop\manos-cuidadoras - copia\node_modules\express\lib\router\index.js:328:13)
    at C:\Users\José Carrillo\Desktop\manos-cuidadoras - copia\node_modules\express\lib\router\index.js:286:9

    [2024-10-13T18:21:07.364Z] Error en la ruta: /api/usuarios
    Método: GET
    Cuerpo de la solicitud: {}
    Error: Token inválido
    Stack: Error: Token inválido
    at applicationMiddleware (file:///C:/Users/Jos%C3%A9%20Carrillo/Desktop/manos-cuidadoras%20-%20copia/middleware/applicationMiddleware.js:22:23)
    at Layer.handle [as handle_request] (C:\Users\José Carrillo\Desktop\manos-cuidadoras - copia\node_modules\express\lib\router\layer.js:95:5)
    at trim_prefix (C:\Users\José Carrillo\Desktop\manos-cuidadoras - copia\node_modules\express\lib\router\index.js:328:13)
    at C:\Users\José Carrillo\Desktop\manos-cuidadoras - copia\node_modules\express\lib\router\index.js:286:9
    at Function.process_params (C:\Users\José Carrillo\Desktop\manos-cuidadoras - copia\node_modules\express\lib\router\index.js:346:12)
    at next (C:\Users\José Carrillo\Desktop\manos-cuidadoras - copia\node_modules\express\lib\router\index.js:280:10)
    at jsonParser (C:\Users\José Carrillo\Desktop\manos-cuidadoras - copia\node_modules\body-parser\lib\types\json.js:113:7)
    at Layer.handle [as handle_request] (C:\Users\José Carrillo\Desktop\manos-cuidadoras - copia\node_modules\express\lib\router\layer.js:95:5)
    at trim_prefix (C:\Users\José Carrillo\Desktop\manos-cuidadoras - copia\node_modules\express\lib\router\index.js:328:13)
    at C:\Users\José Carrillo\Desktop\manos-cuidadoras - copia\node_modules\express\lib\router\index.js:286:9

    [2024-10-13T18:21:08.313Z] Error en la ruta: /api/usuarios
    Método: GET
    Cuerpo de la solicitud: {}
    Error: Token inválido
    Stack: Error: Token inválido
    at applicationMiddleware (file:///C:/Users/Jos%C3%A9%20Carrillo/Desktop/manos-cuidadoras%20-%20copia/middleware/applicationMiddleware.js:22:23)
    at Layer.handle [as handle_request] (C:\Users\José Carrillo\Desktop\manos-cuidadoras - copia\node_modules\express\lib\router\layer.js:95:5)
    at trim_prefix (C:\Users\José Carrillo\Desktop\manos-cuidadoras - copia\node_modules\express\lib\router\index.js:328:13)
    at C:\Users\José Carrillo\Desktop\manos-cuidadoras - copia\node_modules\express\lib\router\index.js:286:9
    at Function.process_params (C:\Users\José Carrillo\Desktop\manos-cuidadoras - copia\node_modules\express\lib\router\index.js:346:12)
    at next (C:\Users\José Carrillo\Desktop\manos-cuidadoras - copia\node_modules\express\lib\router\index.js:280:10)
    at jsonParser (C:\Users\José Carrillo\Desktop\manos-cuidadoras - copia\node_modules\body-parser\lib\types\json.js:113:7)
    at Layer.handle [as handle_request] (C:\Users\José Carrillo\Desktop\manos-cuidadoras - copia\node_modules\express\lib\router\layer.js:95:5)
    at trim_prefix (C:\Users\José Carrillo\Desktop\manos-cuidadoras - copia\node_modules\express\lib\router\index.js:328:13)
    at C:\Users\José Carrillo\Desktop\manos-cuidadoras - copia\node_modules\express\lib\router\index.js:286:9

    [2024-10-13T18:21:08.601Z] Error en la ruta: /api/usuarios
    Método: GET
    Cuerpo de la solicitud: {}
    Error: Token inválido
    Stack: Error: Token inválido
    at applicationMiddleware (file:///C:/Users/Jos%C3%A9%20Carrillo/Desktop/manos-cuidadoras%20-%20copia/middleware/applicationMiddleware.js:22:23)
    at Layer.handle [as handle_request] (C:\Users\José Carrillo\Desktop\manos-cuidadoras - copia\node_modules\express\lib\router\layer.js:95:5)
    at trim_prefix (C:\Users\José Carrillo\Desktop\manos-cuidadoras - copia\node_modules\express\lib\router\index.js:328:13)
    at C:\Users\José Carrillo\Desktop\manos-cuidadoras - copia\node_modules\express\lib\router\index.js:286:9
    at Function.process_params (C:\Users\José Carrillo\Desktop\manos-cuidadoras - copia\node_modules\express\lib\router\index.js:346:12)
    at next (C:\Users\José Carrillo\Desktop\manos-cuidadoras - copia\node_modules\express\lib\router\index.js:280:10)
    at jsonParser (C:\Users\José Carrillo\Desktop\manos-cuidadoras - copia\node_modules\body-parser\lib\types\json.js:113:7)
    at Layer.handle [as handle_request] (C:\Users\José Carrillo\Desktop\manos-cuidadoras - copia\node_modules\express\lib\router\layer.js:95:5)
    at trim_prefix (C:\Users\José Carrillo\Desktop\manos-cuidadoras - copia\node_modules\express\lib\router\index.js:328:13)
    at C:\Users\José Carrillo\Desktop\manos-cuidadoras - copia\node_modules\express\lib\router\index.js:286:9

    [2024-10-13T18:21:08.977Z] Error en la ruta: /api/usuarios
    Método: GET
    Cuerpo de la solicitud: {}
    Error: Token inválido
    Stack: Error: Token inválido
    at applicationMiddleware (file:///C:/Users/Jos%C3%A9%20Carrillo/Desktop/manos-cuidadoras%20-%20copia/middleware/applicationMiddleware.js:22:23)
    at Layer.handle [as handle_request] (C:\Users\José Carrillo\Desktop\manos-cuidadoras - copia\node_modules\express\lib\router\layer.js:95:5)
    at trim_prefix (C:\Users\José Carrillo\Desktop\manos-cuidadoras - copia\node_modules\express\lib\router\index.js:328:13)
    at C:\Users\José Carrillo\Desktop\manos-cuidadoras - copia\node_modules\express\lib\router\index.js:286:9
    at Function.process_params (C:\Users\José Carrillo\Desktop\manos-cuidadoras - copia\node_modules\express\lib\router\index.js:346:12)
    at next (C:\Users\José Carrillo\Desktop\manos-cuidadoras - copia\node_modules\express\lib\router\index.js:280:10)
    at jsonParser (C:\Users\José Carrillo\Desktop\manos-cuidadoras - copia\node_modules\body-parser\lib\types\json.js:113:7)
    at Layer.handle [as handle_request] (C:\Users\José Carrillo\Desktop\manos-cuidadoras - copia\node_modules\express\lib\router\layer.js:95:5)
    at trim_prefix (C:\Users\José Carrillo\Desktop\manos-cuidadoras - copia\node_modules\express\lib\router\index.js:328:13)
    at C:\Users\José Carrillo\Desktop\manos-cuidadoras - copia\node_modules\express\lib\router\index.js:286:9
